::1 - - [07/Jun/2021:06:08:10 +0000] "GET / HTTP/1.1" 200 4485 "-" "Mozilla/5.0 (Macintosh; Intel Mac OS X 10_15_7) AppleWebKit/537.36 (KHTML, like Gecko) Chrome/91.0.4472.77 Safari/537.36"
::1 - - [07/Jun/2021:06:08:10 +0000] "GET /hh HTTP/1.1" 404 141 "http://localhost:8000/" "Mozilla/5.0 (Macintosh; Intel Mac OS X 10_15_7) AppleWebKit/537.36 (KHTML, like Gecko) Chrome/91.0.4472.77 Safari/537.36"
::1 - - [07/Jun/2021:06:10:04 +0000] "GET /post/create_page HTTP/1.1" 302 72 "http://localhost:8000/" "Mozilla/5.0 (Macintosh; Intel Mac OS X 10_15_7) AppleWebKit/537.36 (KHTML, like Gecko) Chrome/91.0.4472.77 Safari/537.36"
::1 - - [07/Jun/2021:06:10:04 +0000] "GET /users/sign_in HTTP/1.1" 304 - "http://localhost:8000/" "Mozilla/5.0 (Macintosh; Intel Mac OS X 10_15_7) AppleWebKit/537.36 (KHTML, like Gecko) Chrome/91.0.4472.77 Safari/537.36"
::1 - - [07/Jun/2021:06:10:22 +0000] "POST /users/create-session HTTP/1.1" 302 46 "http://localhost:8000/users/sign_in" "Mozilla/5.0 (Macintosh; Intel Mac OS X 10_15_7) AppleWebKit/537.36 (KHTML, like Gecko) Chrome/91.0.4472.77 Safari/537.36"
::1 - - [07/Jun/2021:06:10:22 +0000] "GET / HTTP/1.1" 200 6369 "http://localhost:8000/users/sign_in" "Mozilla/5.0 (Macintosh; Intel Mac OS X 10_15_7) AppleWebKit/537.36 (KHTML, like Gecko) Chrome/91.0.4472.77 Safari/537.36"
::1 - - [07/Jun/2021:06:10:22 +0000] "GET /hh HTTP/1.1" 404 141 "http://localhost:8000/" "Mozilla/5.0 (Macintosh; Intel Mac OS X 10_15_7) AppleWebKit/537.36 (KHTML, like Gecko) Chrome/91.0.4472.77 Safari/537.36"
::1 - - [07/Jun/2021:06:10:27 +0000] "GET / HTTP/1.1" 200 6139 "http://localhost:8000/" "Mozilla/5.0 (Macintosh; Intel Mac OS X 10_15_7) AppleWebKit/537.36 (KHTML, like Gecko) Chrome/91.0.4472.77 Safari/537.36"
::1 - - [07/Jun/2021:06:10:27 +0000] "GET /hh HTTP/1.1" 404 141 "http://localhost:8000/" "Mozilla/5.0 (Macintosh; Intel Mac OS X 10_15_7) AppleWebKit/537.36 (KHTML, like Gecko) Chrome/91.0.4472.77 Safari/537.36"
::1 - - [07/Jun/2021:06:10:28 +0000] "GET /users/profile/60bd9f40ad4103512df6b987 HTTP/1.1" 304 - "http://localhost:8000/" "Mozilla/5.0 (Macintosh; Intel Mac OS X 10_15_7) AppleWebKit/537.36 (KHTML, like Gecko) Chrome/91.0.4472.77 Safari/537.36"
::1 - - [07/Jun/2021:06:10:30 +0000] "GET /post/create_page HTTP/1.1" 200 3596 "http://localhost:8000/users/profile/60bd9f40ad4103512df6b987" "Mozilla/5.0 (Macintosh; Intel Mac OS X 10_15_7) AppleWebKit/537.36 (KHTML, like Gecko) Chrome/91.0.4472.77 Safari/537.36"
::1 - - [07/Jun/2021:06:10:30 +0000] "GET /users/profile/hh HTTP/1.1" - - "http://localhost:8000/users/profile/60bd9f40ad4103512df6b987" "Mozilla/5.0 (Macintosh; Intel Mac OS X 10_15_7) AppleWebKit/537.36 (KHTML, like Gecko) Chrome/91.0.4472.77 Safari/537.36"
::1 - - [07/Jun/2021:06:10:31 +0000] "GET /post/all_posts HTTP/1.1" 304 - "http://localhost:8000/post/create_page" "Mozilla/5.0 (Macintosh; Intel Mac OS X 10_15_7) AppleWebKit/537.36 (KHTML, like Gecko) Chrome/91.0.4472.77 Safari/537.36"
::1 - - [07/Jun/2021:06:10:32 +0000] "GET /users/sign_out HTTP/1.1" 302 46 "http://localhost:8000/post/all_posts" "Mozilla/5.0 (Macintosh; Intel Mac OS X 10_15_7) AppleWebKit/537.36 (KHTML, like Gecko) Chrome/91.0.4472.77 Safari/537.36"
::1 - - [07/Jun/2021:06:10:32 +0000] "GET / HTTP/1.1" 200 4716 "http://localhost:8000/post/all_posts" "Mozilla/5.0 (Macintosh; Intel Mac OS X 10_15_7) AppleWebKit/537.36 (KHTML, like Gecko) Chrome/91.0.4472.77 Safari/537.36"
::1 - - [07/Jun/2021:06:10:32 +0000] "GET /hh HTTP/1.1" 404 141 "http://localhost:8000/" "Mozilla/5.0 (Macintosh; Intel Mac OS X 10_15_7) AppleWebKit/537.36 (KHTML, like Gecko) Chrome/91.0.4472.77 Safari/537.36"
::1 - - [07/Jun/2021:06:10:34 +0000] "GET /users/sign_in HTTP/1.1" 200 3333 "http://localhost:8000/" "Mozilla/5.0 (Macintosh; Intel Mac OS X 10_15_7) AppleWebKit/537.36 (KHTML, like Gecko) Chrome/91.0.4472.77 Safari/537.36"
::1 - - [07/Jun/2021:06:10:40 +0000] "POST /users/create-session HTTP/1.1" 302 46 "http://localhost:8000/users/sign_in" "Mozilla/5.0 (Macintosh; Intel Mac OS X 10_15_7) AppleWebKit/537.36 (KHTML, like Gecko) Chrome/91.0.4472.77 Safari/537.36"
::1 - - [07/Jun/2021:06:10:40 +0000] "GET / HTTP/1.1" 200 6369 "http://localhost:8000/users/sign_in" "Mozilla/5.0 (Macintosh; Intel Mac OS X 10_15_7) AppleWebKit/537.36 (KHTML, like Gecko) Chrome/91.0.4472.77 Safari/537.36"
::1 - - [07/Jun/2021:06:10:40 +0000] "GET /hh HTTP/1.1" 404 141 "http://localhost:8000/" "Mozilla/5.0 (Macintosh; Intel Mac OS X 10_15_7) AppleWebKit/537.36 (KHTML, like Gecko) Chrome/91.0.4472.77 Safari/537.36"
::1 - - [07/Jun/2021:06:11:21 +0000] "GET / HTTP/1.1" 200 6139 "http://localhost:8000/users/sign_in" "Mozilla/5.0 (Macintosh; Intel Mac OS X 10_15_7) AppleWebKit/537.36 (KHTML, like Gecko) Chrome/91.0.4472.77 Safari/537.36"
::1 - - [07/Jun/2021:06:11:21 +0000] "GET /hh HTTP/1.1" 404 141 "http://localhost:8000/" "Mozilla/5.0 (Macintosh; Intel Mac OS X 10_15_7) AppleWebKit/537.36 (KHTML, like Gecko) Chrome/91.0.4472.77 Safari/537.36"
::1 - - [07/Jun/2021:06:11:22 +0000] "GET / HTTP/1.1" 304 - "http://localhost:8000/users/sign_in" "Mozilla/5.0 (Macintosh; Intel Mac OS X 10_15_7) AppleWebKit/537.36 (KHTML, like Gecko) Chrome/91.0.4472.77 Safari/537.36"
::1 - - [07/Jun/2021:06:11:22 +0000] "GET /hh HTTP/1.1" 404 141 "http://localhost:8000/" "Mozilla/5.0 (Macintosh; Intel Mac OS X 10_15_7) AppleWebKit/537.36 (KHTML, like Gecko) Chrome/91.0.4472.77 Safari/537.36"
::1 - - [07/Jun/2021:06:11:25 +0000] "GET /post/create_page HTTP/1.1" 304 - "http://localhost:8000/" "Mozilla/5.0 (Macintosh; Intel Mac OS X 10_15_7) AppleWebKit/537.36 (KHTML, like Gecko) Chrome/91.0.4472.77 Safari/537.36"
::1 - - [07/Jun/2021:06:11:26 +0000] "GET /post/all_posts HTTP/1.1" 304 - "http://localhost:8000/post/create_page" "Mozilla/5.0 (Macintosh; Intel Mac OS X 10_15_7) AppleWebKit/537.36 (KHTML, like Gecko) Chrome/91.0.4472.77 Safari/537.36"
::1 - - [07/Jun/2021:06:11:28 +0000] "GET /users/sign_out HTTP/1.1" 302 46 "http://localhost:8000/post/all_posts" "Mozilla/5.0 (Macintosh; Intel Mac OS X 10_15_7) AppleWebKit/537.36 (KHTML, like Gecko) Chrome/91.0.4472.77 Safari/537.36"
::1 - - [07/Jun/2021:06:11:28 +0000] "GET / HTTP/1.1" 200 4716 "http://localhost:8000/post/all_posts" "Mozilla/5.0 (Macintosh; Intel Mac OS X 10_15_7) AppleWebKit/537.36 (KHTML, like Gecko) Chrome/91.0.4472.77 Safari/537.36"
::1 - - [07/Jun/2021:06:11:28 +0000] "GET /hh HTTP/1.1" 404 141 "http://localhost:8000/" "Mozilla/5.0 (Macintosh; Intel Mac OS X 10_15_7) AppleWebKit/537.36 (KHTML, like Gecko) Chrome/91.0.4472.77 Safari/537.36"
::1 - - [07/Jun/2021:06:23:08 +0000] "GET / HTTP/1.1" 200 4485 "http://localhost:8000/post/all_posts" "Mozilla/5.0 (Macintosh; Intel Mac OS X 10_15_7) AppleWebKit/537.36 (KHTML, like Gecko) Chrome/91.0.4472.77 Safari/537.36"
::1 - - [07/Jun/2021:06:23:08 +0000] "GET /hh HTTP/1.1" 404 141 "http://localhost:8000/" "Mozilla/5.0 (Macintosh; Intel Mac OS X 10_15_7) AppleWebKit/537.36 (KHTML, like Gecko) Chrome/91.0.4472.77 Safari/537.36"
[0mGET / [32m200[0m 65.394 ms - 5002[0m
[0mGET / [36m304[0m 81.949 ms - -[0m
::1 - - [08/Jun/2021:00:39:16 +0000] "GET / HTTP/1.1" 200 4485 "-" "Mozilla/5.0 (Macintosh; Intel Mac OS X 10_15_7) AppleWebKit/537.36 (KHTML, like Gecko) Chrome/91.0.4472.77 Safari/537.36"
::1 - - [08/Jun/2021:00:39:16 +0000] "GET /hh HTTP/1.1" 404 141 "http://localhost:8000/" "Mozilla/5.0 (Macintosh; Intel Mac OS X 10_15_7) AppleWebKit/537.36 (KHTML, like Gecko) Chrome/91.0.4472.77 Safari/537.36"
[0mGET / [32m200[0m 71.004 ms - 5002[0m
[0mGET /post/all_posts [32m200[0m 105.233 ms - 9086[0m
[0mGET / [36m304[0m 36.706 ms - -[0m
[0mGET /users/profile/607ed2086734ce71c0c6cc70 [36m302[0m 20.083 ms - 72[0m
[0mGET /users/sign_in [32m200[0m 15.187 ms - 3568[0m
[0mGET / [36m304[0m 29.711 ms - -[0m
[0mGET /users/profile/607ed2086734ce71c0c6cc70 [36m302[0m 6.892 ms - 72[0m
[0mGET /users/sign_in [36m304[0m 14.677 ms - -[0m
[0mGET /users/auth/google [36m302[0m 13.841 ms - 0[0m
[0mGET /users/auth/google/callback?code=4/0AY0e-g736p1V-SW4yrFwqim3KgK-9fWgRVLkp9qoUk7ZnPou1OC4Y0ttdjyyfx1ACBHw0w&scope=email%20profile%20https://www.googleapis.com/auth/userinfo.email%20https://www.googleapis.com/auth/userinfo.profile%20openid&authuser=1&hd=nith.ac.in&prompt=none [36m302[0m 895.959 ms - 46[0m
[0mGET / [32m200[0m 35.514 ms - 19014[0m
[0mGET /users/profile/607ed2086734ce71c0c6cc70 [32m200[0m 67.670 ms - 9805[0m
[0mGET / [32m200[0m 42.214 ms - 18784[0m
[0mGET /users/profile/607ed2086734ce71c0c6cc70 [36m304[0m 117.845 ms - -[0m
[0mGET /users/profile/607ed2086734ce71c0c6cc70 [32m200[0m 108.425 ms - 9832[0m
[0mGET /users/profile/607ed2086734ce71c0c6cc70 [36m304[0m 116.461 ms - -[0m
[0mPOST /home-msg [32m200[0m 40.888 ms - 53[0m
[0mPOST /home-msg [32m200[0m 76.291 ms - 53[0m
[0mPOST /home-msg [32m200[0m 40.740 ms - 53[0m
[0mGET / [32m200[0m 52.936 ms - 4050[0m
[0mGET / [36m304[0m 24.944 ms - -[0m
[0mGET /users/sign_in [32m200[0m 12.440 ms - 3333[0m
[0mGET /users/sign_up [36m304[0m 21.444 ms - -[0m
[0mGET /users/sign_in [36m304[0m 16.706 ms - -[0m
[0mGET /post/all_posts [32m200[0m 26.122 ms - 3270[0m
[0mGET /post/create_page [36m302[0m 19.186 ms - 72[0m
[0mGET /users/sign_in [32m200[0m 32.922 ms - 3568[0m
[0mGET /users/sign_up [36m304[0m 11.885 ms - -[0m
[0mGET /users/forgot_password [32m200[0m 15.201 ms - 3332[0m
[0mGET / [36m304[0m 23.473 ms - -[0m
[0mGET /post/create_page [36m302[0m 6.744 ms - 72[0m
[0mGET /users/sign_in [36m304[0m 11.502 ms - -[0m
[0mGET /post/all_posts [36m304[0m 18.698 ms - -[0m
[0mGET / [36m304[0m 17.084 ms - -[0m
[0mGET /post/all_posts [36m304[0m 12.328 ms - -[0m
[0mGET / [36m304[0m 16.487 ms - -[0m
[0mGET /post/all_posts [36m304[0m 15.087 ms - -[0m
[0mGET / [36m304[0m 16.335 ms - -[0m
[0mGET /post/create_page [36m302[0m 6.528 ms - 72[0m
[0mGET /users/sign_in [36m304[0m 11.857 ms - -[0m
[0mGET /users/sign_up [36m304[0m 5.531 ms - -[0m
[0mGET /users/forgot_password [36m304[0m 13.306 ms - -[0m
[0mGET / [36m304[0m 18.566 ms - -[0m
[0mGET /users/sign_in [32m200[0m 6.830 ms - 3333[0m
[0mGET /users/sign_up [36m304[0m 41.618 ms - -[0m
[0mPOST /users/create [32m200[0m 66.221 ms - 2435[0m
[0mGET /users/verify_email/65ec2d8ea0862b075a3d5b18c36b25087df6f4c9 [32m200[0m 25.742 ms - 2896[0m
[0mPOST /users/verify_email/65ec2d8ea0862b075a3d5b18c36b25087df6f4c9 [36m302[0m 35.369 ms - 72[0m
[0mGET /users/sign_in [32m200[0m 15.428 ms - 3601[0m
[0mPOST /users/create-session [36m302[0m 14.463 ms - 46[0m
[0mGET / [32m200[0m 42.266 ms - 6452[0m
[0mGET /hh [33m404[0m 7.359 ms - 141[0m
[0mGET /active-chats/show [32m200[0m 48.327 ms - 2853[0m
[0mGET /active-chats/show [32m200[0m 34.946 ms - 3006[0m
[0mGET / [32m200[0m 22.282 ms - 6222[0m
[0mGET /hh [33m404[0m 8.449 ms - 141[0m
[0mGET /users/profile/60bed297272f045e7887d0cc [32m200[0m 38.439 ms - 3772[0m
[0mGET / [36m304[0m 22.788 ms - -[0m
[0mGET /users/profile/hh [0m-[0m - ms - -[0m
[0mGET /hh [33m404[0m 5.451 ms - 141[0m
[0mGET /users/profile/60bed297272f045e7887d0cc [36m304[0m 26.593 ms - -[0m
[0mGET /users/profile/hh [0m-[0m - ms - -[0m
[0mGET /users/profile/60bed297272f045e7887d0cc [36m304[0m 27.318 ms - -[0m
[0mGET /users/profile/hh [0m-[0m - ms - -[0m
[0mGET /users/profile/60bed297272f045e7887d0cc [36m304[0m 24.723 ms - -[0m
[0mGET / [36m304[0m 18.308 ms - -[0m
[0mGET /users/profile/hh [0m-[0m - ms - -[0m
[0mGET /hh [33m404[0m 6.410 ms - 141[0m
[0mGET /active-chats/show [36m304[0m 13.747 ms - -[0m
[0mGET /post/create_page [32m200[0m 8.662 ms - 3728[0m
[0mGET /post/all_posts [32m200[0m 22.166 ms - 3565[0m
[0mGET / [36m304[0m 20.492 ms - -[0m
[0mGET /hh [33m404[0m 6.484 ms - 141[0m
[0mGET /users/profile/60bed297272f045e7887d0cc [36m304[0m 21.493 ms - -[0m
[0mGET /users/profile/hh [0m-[0m - ms - -[0m
[0mGET /users/profile/60bed297272f045e7887d0cc [36m304[0m 77.490 ms - -[0m
[0mGET /users/profile/hh [36m302[0m 18.322 ms - 82[0m
[0mGET /users/profile/60bed297272f045e7887d0cc [36m304[0m 27.024 ms - -[0m
[0mGET / [36m304[0m 48.578 ms - -[0m
[0mGET /hh [33m404[0m 7.116 ms - 141[0m
[0mGET /users/profile/60bed297272f045e7887d0cc [36m304[0m 38.458 ms - -[0m
[0mGET /users/profile/hh [36m302[0m 9.041 ms - 82[0m
[0mGET /users/profile/60bed297272f045e7887d0cc [36m304[0m 18.540 ms - -[0m
[0mGET /active-chats/show [36m304[0m 24.450 ms - -[0m
[0mGET /post/create_page [36m304[0m 14.949 ms - -[0m
[0mGET /post/all_posts [36m304[0m 26.289 ms - -[0m
[0mGET /users/profile/60bed297272f045e7887d0cc [36m304[0m 23.885 ms - -[0m
[0mGET /users/profile/hh [36m302[0m 10.896 ms - 82[0m
[0mGET /users/profile/60bed297272f045e7887d0cc [36m304[0m 18.736 ms - -[0m
[0mGET /users/profile/60bed297272f045e7887d0cc [36m304[0m 77.199 ms - -[0m
[0mGET /users/profile/hh [36m302[0m 14.060 ms - 82[0m
[0mGET /users/profile/60bed297272f045e7887d0cc [36m304[0m 13.597 ms - -[0m
[0mGET /users/profile/60bed297272f045e7887d0cc [36m304[0m 49.882 ms - -[0m
[0mGET /users/profile/hh [36m302[0m 9.111 ms - 82[0m
[0mGET /users/profile/60bed297272f045e7887d0cc [36m304[0m 15.980 ms - -[0m
[0mPOST /users/update/60bed297272f045e7887d0cc [36m302[0m 46.477 ms - 164[0m
[0mGET /users/profile/60bed297272f045e7887d0cc [32m200[0m 39.940 ms - 3813[0m
[0mGET /users/sign_out [36m302[0m 51.268 ms - 46[0m
[0mGET / [32m200[0m 25.283 ms - 4757[0m
[0mGET /users/sign_up [36m304[0m 42.721 ms - -[0m
[0mGET /users/auth/google [36m302[0m 14.210 ms - 0[0m
[0mGET /users/auth/google/callback?code=4/0AY0e-g70o0ju9ftMi1QwSIrMYrV9ESdQZA67rCcuFqe9LxwkqJkItDzylT1X2XX1QWyUOA&scope=email%20profile%20https://www.googleapis.com/auth/userinfo.profile%20https://www.googleapis.com/auth/userinfo.email%20openid&authuser=1&hd=nith.ac.in&prompt=none [36m302[0m 852.043 ms - 46[0m
[0mGET / [32m200[0m 26.716 ms - 6462[0m
[0mGET /users/profile/60bed960c0eb495ffe9b11c9 [32m200[0m 46.630 ms - 3782[0m
[0mGET / [32m200[0m 21.106 ms - 6232[0m
[0mGET /users/profile/60bed960c0eb495ffe9b11c9 [36m304[0m 34.881 ms - -[0m
[0mGET / [36m304[0m 19.204 ms - -[0m
[0mGET / [32m200[0m 18.218 ms - 4513[0m
[0mGET /users/sign_up [32m200[0m 14.622 ms - 3646[0m
[0mPOST /users/create [32m200[0m 58.011 ms - 2435[0m
[0mGET /users/verify_email/1dca78f71721655ced6272bbc886e21927e4c140 [36m302[0m 12.534 ms - 74[0m
[0mGET /users/profile/ [33m404[0m 14.364 ms - 153[0m
[0mGET /users/verify_email/1dca78f71721655ced6272bbc886e21927e4c140 [36m302[0m 10.182 ms - 74[0m
[0mGET /users/profile/ [33m404[0m 11.908 ms - 153[0m
[0mGET /users/verify_email/1dca78f71721655ced6272bbc886e21927e4c140 [36m302[0m 12.428 ms - 74[0m
[0mGET /users/profile/ [33m404[0m 9.080 ms - 153[0m
[0mGET /users/verify_email/65ec2d8ea0862b075a3d5b18c36b25087df6f4c9 [36m302[0m 9.744 ms - 74[0m
[0mGET /users/profile/ [33m404[0m 6.664 ms - 153[0m
[0mGET /users/verify_email/1dca78f71721655ced6272bbc886e21927e4c140 [36m302[0m 5.193 ms - 74[0m
[0mGET /users/profile/ [33m404[0m 4.318 ms - 153[0m
[0mGET /users/verify_email/1dca78f71721655ced6272bbc886e21927e4c140 [36m302[0m 5.970 ms - 74[0m
[0mGET /users/profile/ [33m404[0m 6.008 ms - 153[0m
[0mGET / [32m200[0m 26.493 ms - 5248[0m
[0mGET /users/profile/60bed960c0eb495ffe9b11c9 [36m302[0m 4.811 ms - 72[0m
[0mGET /users/sign_in [32m200[0m 9.040 ms - 3568[0m
[0mGET / [32m200[0m 21.777 ms - 6695[0m
[0mGET /users/profile/60bed9c1c0eb495ffe9b11ca [32m200[0m 30.006 ms - 5703[0m
[0mGET /users/sign_out [36m302[0m 6.648 ms - 46[0m
[0mGET / [32m200[0m 29.632 ms - 5207[0m
[0mGET /users/sign_in [32m200[0m 6.413 ms - 3333[0m
[0mPOST /users/create-session [36m302[0m 10.798 ms - 72[0m
[0mGET /users/sign_in [36m304[0m 8.136 ms - -[0m
[0mPOST /users/create-session [36m302[0m 9.464 ms - 72[0m
[0mGET /users/sign_in [36m304[0m 11.618 ms - -[0m
[0mPOST /users/create-session [36m302[0m 6.968 ms - 72[0m
[0mGET /users/sign_in [32m200[0m 8.264 ms - 3592[0m
[0mPOST /users/create-session [36m302[0m 4.754 ms - 72[0m
[0mGET /users/sign_in [36m304[0m 4.463 ms - -[0m
[0mPOST /users/create-session [36m302[0m 4.900 ms - 72[0m
[0mGET /users/sign_in [36m304[0m 4.862 ms - -[0m
[0mPOST /users/create-session [36m302[0m 6.072 ms - 72[0m
[0mGET /users/sign_in [36m304[0m 4.848 ms - -[0m
[0mPOST /users/create-session [36m302[0m 3.955 ms - 72[0m
[0mGET /users/sign_in [36m304[0m 4.567 ms - -[0m
[0mPOST /users/create-session [36m302[0m 6.379 ms - 72[0m
[0mGET /users/sign_in [32m200[0m 5.937 ms - 3333[0m
[0mGET /users/sign_up [36m304[0m 20.710 ms - -[0m
[0mPOST /users/create [36m302[0m 14.273 ms - 72[0m
[0mGET /users/sign_in [32m200[0m 23.758 ms - 3617[0m
[0mGET /users/sign_up [36m304[0m 42.116 ms - -[0m
[0mPOST /users/create [32m200[0m 67.458 ms - 2435[0m
[0mGET /users/verify_email/1183c1688235e9e254ecfe9099c86d62e7db9229 [32m200[0m 34.911 ms - 2896[0m
[0mPOST /users/verify_email/1183c1688235e9e254ecfe9099c86d62e7db9229 [36m302[0m 36.874 ms - 72[0m
[0mGET /users/sign_in [32m200[0m 9.759 ms - 3601[0m
[0mGET /users/sign_in [32m200[0m 14.888 ms - 3333[0m
[0mPOST /users/create-session [36m302[0m 15.350 ms - 46[0m
[0mGET / [32m200[0m 36.683 ms - 4513[0m
[0mGET /users/profile/60bedc33173835607aaf92ab [32m200[0m 49.267 ms - 4030[0m
[0mPOST /users/update/60bedc33173835607aaf92ab [36m302[0m 39.849 ms - 164[0m
[0mGET /users/profile/60bedc33173835607aaf92ab [32m200[0m 20.302 ms - 3813[0m
[0mGET /users/profile/60bedc33173835607aaf92ab [36m304[0m 40.548 ms - -[0m
[0mGET /users/sign_up [36m304[0m 15.205 ms - -[0m
[0mGET /users/auth/google [36m302[0m 17.223 ms - 0[0m
[0mGET /users/auth/google/callback?code=4/0AY0e-g6a9YvG1KNv2REkUl2KW1UAVulpGa5_ATnrIF8QeWprzZ70JfS5GYQsIGcbzx9Gbw&scope=email%20profile%20https://www.googleapis.com/auth/userinfo.profile%20https://www.googleapis.com/auth/userinfo.email%20openid&authuser=1&hd=nith.ac.in&prompt=none [36m302[0m 877.735 ms - 46[0m
[0mGET / [32m200[0m 16.290 ms - 6938[0m
[0mGET /uploads/users/avatars/def.png [33m404[0m 4.363 ms - 168[0m
[0mGET /users/profile/60bede01173835607aaf92ad [32m200[0m 33.257 ms - 3782[0m
[0mGET /uploads/users/avatars/def.png [33m404[0m 8.727 ms - 168[0m
[0mGET /users/profile/60bede01173835607aaf92ad [36m304[0m 80.836 ms - -[0m
[0mGET /uploads/users/avatars/def.png [33m404[0m 8.294 ms - 168[0m
[0mGET /users/sign_out [36m302[0m 30.027 ms - 46[0m
[0mGET / [32m200[0m 30.816 ms - 5220[0m
[0mGET /uploads/users/avatars/def.png [33m404[0m 4.321 ms - 168[0m
[0mGET /users/sign_out [36m302[0m 11.164 ms - 46[0m
[0mGET / [32m200[0m 37.550 ms - 5220[0m
[0mGET /uploads/users/avatars/def.png [33m404[0m 4.140 ms - 168[0m
[0mGET /users/sign_in [32m200[0m 8.021 ms - 3333[0m
[0mGET /users/auth/google [36m302[0m 25.110 ms - 0[0m
[0mGET /users/auth/google/callback?code=4/0AY0e-g5kNEbxv7uCL4L2KXGpPo-cr-XCy8J64IoBmzHOZGXcaQb-XpdWWrG7ME5SZkZzpA&scope=email%20profile%20https://www.googleapis.com/auth/userinfo.profile%20https://www.googleapis.com/auth/userinfo.email%20openid&authuser=1&hd=nith.ac.in&prompt=none [36m302[0m 796.182 ms - 46[0m
[0mGET / [32m200[0m 24.789 ms - 6447[0m
[0mGET / [32m200[0m 39.879 ms - 6217[0m
[0mGET /users/profile/60bedecbc56fa360ecf71886 [32m200[0m 45.753 ms - 3767[0m
[0mGET / [32m200[0m 22.143 ms - 4498[0m
[0mGET /users/sign_up [36m304[0m 11.268 ms - -[0m
[0mPOST /users/create [32m200[0m 42.861 ms - 2435[0m
[0mGET /users/verify_email/91add94470200b80c65eec2ad5ac5ed95cc24752 [36m302[0m 15.550 ms - 74[0m
[0mGET /users/profile/ [33m404[0m 12.120 ms - 153[0m
[0mGET /users/verify_email/91add94470200b80c65eec2ad5ac5ed95cc24752 [36m302[0m 9.588 ms - 74[0m
[0mGET /users/profile/ [33m404[0m 11.695 ms - 153[0m
[0mGET / [32m200[0m 19.750 ms - 6665[0m
[0mGET /users/verify_email/91add94470200b80c65eec2ad5ac5ed95cc24752 [36m302[0m 9.206 ms - 74[0m
[0mGET /users/profile/ [33m404[0m 6.804 ms - 153[0m
[0mGET / [32m200[0m 29.487 ms - 5218[0m
[0mGET /users/verify_email/91add94470200b80c65eec2ad5ac5ed95cc24752 [32m200[0m 19.170 ms - 2624[0m
[0mPOST /users/verify_email/91add94470200b80c65eec2ad5ac5ed95cc24752 [36m302[0m 31.872 ms - 72[0m
[0mGET /users/sign_in [32m200[0m 9.845 ms - 3601[0m
[0mPOST /users/create-session [36m302[0m 9.523 ms - 46[0m
[0mGET / [32m200[0m 20.635 ms - 6913[0m
[0mGET /users/profile/60bedef1c56fa360ecf71887 [32m200[0m 36.172 ms - 3785[0m
[0mPOST /users/update/60bedef1c56fa360ecf71887 [36m302[0m 36.424 ms - 164[0m
[0mGET /users/profile/60bedef1c56fa360ecf71887 [32m200[0m 17.373 ms - 3813[0m
[0mGET /users/profile/60bedecbc56fa360ecf71886 [36m304[0m 21.093 ms - -[0m
[0mGET / [32m200[0m 23.836 ms - 6693[0m
[0mGET /users/profile/60bedef1c56fa360ecf71887 [32m200[0m 23.131 ms - 5729[0m
[0mGET /active-chats/show [32m200[0m 13.800 ms - 2997[0m
[0mGET / [36m304[0m 17.108 ms - -[0m
[0mGET /users/profile/60bedef1c56fa360ecf71887 [36m304[0m 23.311 ms - -[0m
[0mPOST /home-msg [36m302[0m 52.161 ms - 82[0m
[0mGET /users/profile/60bedef1c56fa360ecf71887 [32m200[0m 17.117 ms - 5632[0m
[0mGET /active-chats/show [32m200[0m 26.750 ms - 2930[0m
[0mGET /active-chats/show [36m304[0m 17.185 ms - -[0m
[0mGET / [36m304[0m 21.271 ms - -[0m
[0mGET /users/profile/60bedef1c56fa360ecf71887 [32m200[0m 31.866 ms - 5411[0m
[0mPOST /home-msg [32m200[0m 70.215 ms - 53[0m
[0mGET /users/profile/60bedef1c56fa360ecf71887 [32m200[0m 37.121 ms - 5881[0m
[0mGET /active-chats/show [36m304[0m 29.791 ms - -[0m
[0mGET /users/profile/60bedecbc56fa360ecf71886 [36m304[0m 43.513 ms - -[0m
[0mGET / [36m304[0m 22.859 ms - -[0m
[0mGET /users/profile/60bedef1c56fa360ecf71887 [36m304[0m 37.760 ms - -[0m
[0mGET /users/profile/60bedef1c56fa360ecf71887 [36m304[0m 29.247 ms - -[0m
[0mGET /active-chats/show [32m200[0m 20.969 ms - 2939[0m
[0mGET /users/profile/60bedef1c56fa360ecf71887 [36m304[0m 32.596 ms - -[0m
[0mGET /active-chats/show [32m200[0m 27.771 ms - 2943[0m
[0mGET /active-chats/show [32m200[0m 21.242 ms - 3333[0m
[0mGET /active-chats/show [36m302[0m 63.942 ms - 164[0m
[0mGET /users/profile/60bedef1c56fa360ecf71887 [36m304[0m 50.490 ms - -[0m
[0mGET /active-chats/show [36m302[0m 21.994 ms - 164[0m
[0mGET /users/profile/60bedef1c56fa360ecf71887 [36m304[0m 34.038 ms - -[0m
[0mGET /active-chats/show [36m302[0m 21.113 ms - 164[0m
[0mGET /users/profile/60bedef1c56fa360ecf71887 [36m304[0m 28.880 ms - -[0m
[0mGET /active-chats/show [36m302[0m 12.634 ms - 164[0m
[0mGET /users/profile/60bedef1c56fa360ecf71887 [36m304[0m 31.693 ms - -[0m
[0mGET /active-chats/show [36m302[0m 15.027 ms - 164[0m
[0mGET /users/profile/60bedef1c56fa360ecf71887 [36m304[0m 33.359 ms - -[0m
[0mGET /active-chats/show [32m200[0m 50.782 ms - 3333[0m
[0mGET /active-chats/show [36m304[0m 74.804 ms - -[0m
[0mGET /users/profile/60bedecbc56fa360ecf71886 [36m304[0m 55.840 ms - -[0m
[0mGET /active-chats/show [36m304[0m 28.467 ms - -[0m
[0mGET /active-chats/show [32m200[0m 19.910 ms - 2984[0m
[0mGET /active-chats/show [32m200[0m 27.341 ms - 2997[0m
[0mGET /users/profile/60bedef1c56fa360ecf71887 [36m304[0m 80.028 ms - -[0m
[0mGET / [36m304[0m 26.099 ms - -[0m
[0mGET /active-chats/show [36m304[0m 22.752 ms - -[0m
[0mGET /users/profile/60bedef1c56fa360ecf71887 [36m304[0m 29.969 ms - -[0m
[0mGET /active-chats/show [32m200[0m 23.109 ms - 3006[0m
[0mGET /users/profile/60bedecbc56fa360ecf71886 [32m200[0m 28.183 ms - 5723[0m
[0mGET /active-chats/show [36m304[0m 19.027 ms - -[0m
[0mGET / [36m304[0m 25.684 ms - -[0m
[0mGET /post/all_posts [32m200[0m 14.883 ms - 3556[0m
[0mGET /users/profile/60bedecbc56fa360ecf71886 [36m304[0m 28.818 ms - -[0m
[0mGET / [36m304[0m 21.063 ms - -[0m
[0mGET /active-chats/show [36m304[0m 17.703 ms - -[0m
[0mGET /users/profile/60bedef1c56fa360ecf71887 [36m304[0m 26.185 ms - -[0m
[0mGET /users/profile/60bedef1c56fa360ecf71887 [36m304[0m 39.095 ms - -[0m
[0mGET /active-chats/show [32m200[0m 16.427 ms - 3041[0m
[0mGET /active-chats/show [36m304[0m 77.088 ms - -[0m
[0mGET /active-chats/show [36m304[0m 34.670 ms - -[0m
[0mGET / [36m304[0m 24.817 ms - -[0m
[0mGET /users/profile/60bedef1c56fa360ecf71887 [36m304[0m 98.832 ms - -[0m
[0mGET /active-chats/show [36m304[0m 19.941 ms - -[0m
[0mGET /active-chats/show [32m200[0m 24.365 ms - 3075[0m
[0mGET /active-chats/show [32m200[0m 27.540 ms - 3114[0m
[0mGET /active-chats/show [32m200[0m 16.317 ms - 3115[0m
[0mGET /active-chats/show [32m200[0m 20.826 ms - 3119[0m
[0mGET /active-chats/show [36m304[0m 73.529 ms - -[0m
[0mGET /users/profile/60bedef1c56fa360ecf71887 [36m304[0m 87.375 ms - -[0m
[0mGET /active-chats/show [36m304[0m 26.816 ms - -[0m
[0mGET /users/profile/60bedecbc56fa360ecf71886 [36m304[0m 45.395 ms - -[0m
[0mGET /active-chats/show [32m200[0m 22.593 ms - 3128[0m
[0mGET /active-chats/end/60bedecbc56fa360ecf71886 [33m404[0m 8.848 ms - 180[0m
[0mGET /active-chats/show [36m304[0m 17.987 ms - -[0m
[0mGET /active-chats/show [36m304[0m 22.116 ms - -[0m
[0mGET /active-chats/end/60bedef1c56fa360ecf71887 [33m404[0m 9.658 ms - 180[0m
[0mGET / [36m304[0m 69.937 ms - -[0m
[0mGET /active-chats/show [36m304[0m 38.332 ms - -[0m
[0mGET / [32m200[0m 27.353 ms - 6711[0m
[0mGET /active-chats/show [36m304[0m 33.538 ms - -[0m
[0mGET /active-chats/end/60bedecbc56fa360ecf71886 [36m302[0m 58.694 ms - 122[0m
[0mGET /active-chats/show [32m200[0m 10.265 ms - 3006[0m
[0mGET /active-chats/show [32m200[0m 12.672 ms - 2997[0m
[0mGET /active-chats/show [36m304[0m 16.847 ms - -[0m
[0mGET /users/profile/60bedecbc56fa360ecf71886 [36m304[0m 36.470 ms - -[0m
[0mGET / [36m304[0m 19.952 ms - -[0m
[0mGET /users/profile/60bedef1c56fa360ecf71887 [36m304[0m 77.740 ms - -[0m
[0mPOST /home-msg [32m200[0m 25.317 ms - 53[0m
[0mGET /active-chats/show [32m200[0m 21.451 ms - 3128[0m
[0mGET /users/profile/60bedecbc56fa360ecf71886 [32m200[0m 35.526 ms - 6080[0m
[0mPOST /home-msg [32m200[0m 29.506 ms - 53[0m
[0mGET /users/profile/60bedef1c56fa360ecf71887 [32m200[0m 34.158 ms - 6724[0m
[0mGET /users/profile/60bedecbc56fa360ecf71886 [32m200[0m 41.401 ms - 6566[0m
[0mGET / [36m304[0m 23.150 ms - -[0m
[0mGET /active-chats/show [32m200[0m 18.194 ms - 3119[0m
[0mGET /active-chats/end/60bedef1c56fa360ecf71887 [36m302[0m 22.938 ms - 122[0m
[0mGET /active-chats/show [32m200[0m 12.385 ms - 2997[0m
[0mGET /active-chats/show [32m200[0m 16.061 ms - 3006[0m
[0mGET / [36m304[0m 17.107 ms - -[0m
[0mGET /active-chats/show [36m304[0m 22.771 ms - -[0m
[0mGET /users/profile/60bedecbc56fa360ecf71886 [36m304[0m 25.077 ms - -[0m
[0mGET / [36m304[0m 15.561 ms - -[0m
[0mGET /users/profile/60bedef1c56fa360ecf71887 [36m304[0m 34.733 ms - -[0m
[0mPOST /manage-connection/60bedef1c56fa360ecf71887 [36m302[0m 29.739 ms - 164[0m
[0mGET /users/profile/60bedef1c56fa360ecf71887 [32m200[0m 32.359 ms - 7172[0m
[0mPOST /manage-connection/60bedef1c56fa360ecf71887 [36m302[0m 35.216 ms - 164[0m
[0mGET /users/profile/60bedef1c56fa360ecf71887 [32m200[0m 29.381 ms - 6961[0m
[0mPOST /manage-connection/60bedef1c56fa360ecf71887 [36m302[0m 20.101 ms - 164[0m
[0mGET /users/profile/60bedef1c56fa360ecf71887 [32m200[0m 35.223 ms - 7172[0m
[0mGET /users/profile/60bedef1c56fa360ecf71887 [32m200[0m 39.170 ms - 3963[0m
[0mGET /users/profile/60bedef1c56fa360ecf71887 [36m304[0m 44.926 ms - -[0m
[0mGET /users/profile/60bedef1c56fa360ecf71887 [36m304[0m 44.897 ms - -[0m
[0mGET /users/profile/60bedef1c56fa360ecf71887 [36m304[0m 44.023 ms - -[0m
[0mGET /users/profile/60bedef1c56fa360ecf71887 [36m304[0m 50.825 ms - -[0m
[0mGET /users/profile/60bedecbc56fa360ecf71886 [32m200[0m 39.261 ms - 3917[0m
[0mGET /users/profile/60bedecbc56fa360ecf71886 [36m304[0m 34.471 ms - -[0m
[0mGET /users/profile/60bedef1c56fa360ecf71887 [36m304[0m 36.475 ms - -[0m
[0mGET / [36m304[0m 32.765 ms - -[0m
[0mGET /users/profile/60bedef1c56fa360ecf71887 [36m304[0m 40.431 ms - -[0m
[0mGET /users/profile/60bedef1c56fa360ecf71887 [36m304[0m 26.300 ms - -[0m
[0mGET / [36m304[0m 26.390 ms - -[0m
[0mGET /users/profile/60bedecbc56fa360ecf71886 [32m200[0m 38.130 ms - 6738[0m
[0mPOST /manage-connection/60bedecbc56fa360ecf71886 [36m302[0m 25.992 ms - 164[0m
[0mGET /users/profile/60bedecbc56fa360ecf71886 [32m200[0m 44.669 ms - 7186[0m
[0mGET /users/profile/60bedecbc56fa360ecf71886 [32m200[0m 29.612 ms - 4067[0m
[0mGET / [36m304[0m 17.304 ms - -[0m
[0mGET /users/profile/60bedecbc56fa360ecf71886 [36m304[0m 32.429 ms - -[0m
[0mGET /active-chats/show [36m304[0m 18.931 ms - -[0m
[0mGET /post/all_posts [36m304[0m 15.230 ms - -[0m
[0mGET /post/create_page [32m200[0m 14.545 ms - 3719[0m
[0mGET /active-chats/show [36m304[0m 21.532 ms - -[0m
[0mGET /post/all_posts [36m304[0m 21.873 ms - -[0m
[0mGET /post/create_page [36m304[0m 12.470 ms - -[0m
[0mGET /users/profile/60bedecbc56fa360ecf71886 [36m304[0m 44.543 ms - -[0m
[0mGET / [36m304[0m 21.545 ms - -[0m
[0mGET /users/profile/60bedef1c56fa360ecf71887 [32m200[0m 34.605 ms - 7100[0m
[0mGET /active-chats/show [36m304[0m 13.710 ms - -[0m
[0mGET / [36m304[0m 14.734 ms - -[0m
[0mGET /active-chats/show [36m304[0m 15.994 ms - -[0m
[0mGET /active-chats/show [32m200[0m 14.878 ms - 3035[0m
[0mGET / [32m200[0m 28.884 ms - 6731[0m
[0mGET /users/profile/60bedef1c56fa360ecf71887 [32m200[0m 68.614 ms - 7138[0m
[0mPOST /home-msg [32m200[0m 60.668 ms - 53[0m
[0mGET /active-chats/show [32m200[0m 21.910 ms - 3158[0m
[0mGET /active-chats/show [32m200[0m 17.030 ms - 3170[0m
[0mGET /users/profile/60bedecbc56fa360ecf71886 [32m200[0m 50.658 ms - 7403[0m
[0mGET / [32m200[0m 35.790 ms - 6787[0m
[0mGET /active-chats/show [32m200[0m 20.075 ms - 3213[0m
[0mGET /active-chats/end/60bedef1c56fa360ecf71887 [36m302[0m 31.767 ms - 122[0m
[0mGET /active-chats/show [32m200[0m 8.592 ms - 3049[0m
[0mGET / [32m200[0m 16.193 ms - 6745[0m
[0mGET /users/profile/60bedef1c56fa360ecf71887 [32m200[0m 43.707 ms - 7630[0m
[0mPOST /home-msg [32m200[0m 41.174 ms - 53[0m
[0mGET /active-chats/show [32m200[0m 16.067 ms - 3213[0m
[0mGET / [32m200[0m 23.942 ms - 6787[0m
[0mGET /users/profile/60bedecbc56fa360ecf71886 [32m200[0m 43.234 ms - 4161[0m
[0mGET /active-chats/show [36m304[0m 21.130 ms - -[0m
[0mGET /active-chats/show [32m200[0m 13.944 ms - 3187[0m
[0mGET /active-chats/show [32m200[0m 14.697 ms - 3216[0m
[0mGET /active-chats/show [32m200[0m 24.941 ms - 3217[0m
[0mGET /active-chats/show [32m200[0m 19.258 ms - 3235[0m
[0mGET /active-chats/show [36m304[0m 19.067 ms - -[0m
[0mGET /active-chats/show [36m304[0m 14.349 ms - -[0m
[0mGET /active-chats/show [36m304[0m 36.158 ms - -[0m
[0mGET /active-chats/show [32m200[0m 14.661 ms - 3232[0m
[0mGET / [32m200[0m 18.036 ms - 6806[0m
[0mGET /users/profile/60bedecbc56fa360ecf71886 [32m200[0m 27.144 ms - 4180[0m
[0mGET / [36m304[0m 24.252 ms - -[0m
[0mGET /users/profile/60bedef1c56fa360ecf71887 [32m200[0m 49.563 ms - 8062[0m
[0mGET / [32m200[0m 26.894 ms - 6824[0m
[0mGET /active-chats/show [32m200[0m 25.757 ms - 3241[0m
[0mGET /users/profile/60bedef1c56fa360ecf71887 [32m200[0m 55.589 ms - 4226[0m
[0mGET /active-chats/show [36m304[0m 18.032 ms - -[0m
[0mGET /users/profile/60bedecbc56fa360ecf71886 [32m200[0m 38.504 ms - 7904[0m
[0mGET /users/profile/60bedef1c56fa360ecf71887 [36m302[0m 22.464 ms - 72[0m
[0mGET /users/sign_in [32m200[0m 22.443 ms - 3568[0m
[0mGET /users/auth/google [36m302[0m 12.039 ms - 0[0m
[0mGET /users/auth/google/callback?code=4/0AY0e-g4J_25vXRwzsuKs1tlTumUSlnPq3W5Mjn0NFqe_hh5jygiWwXnZCcbSJLW7sUo0SQ&scope=email%20profile%20https://www.googleapis.com/auth/userinfo.profile%20https://www.googleapis.com/auth/userinfo.email%20openid&authuser=1&hd=nith.ac.in&prompt=none [36m302[0m 1061.621 ms - 46[0m
[0mGET / [32m200[0m 31.139 ms - 7036[0m
[0mGET / [32m200[0m 46.230 ms - 4974[0m
[0mGET /users/sign_in [32m200[0m 9.504 ms - 3333[0m
[0mPOST /users/create-session [36m302[0m 11.605 ms - 46[0m
[0mGET / [32m200[0m 20.214 ms - 7054[0m
[0mGET /active-chats/show [36m304[0m 31.851 ms - -[0m
[0mGET /users/profile/60bedecbc56fa360ecf71886 [36m304[0m 95.557 ms - -[0m
[0mGET /active-chats/show [36m304[0m 27.436 ms - -[0m
[0mGET /users/profile/60bedecbc56fa360ecf71886 [36m304[0m 61.473 ms - -[0m
[0mGET / [32m200[0m 27.153 ms - 6806[0m
[0mGET /active-chats/show [36m304[0m 21.108 ms - -[0m
[0mGET /active-chats/end/60bedef1c56fa360ecf71887 [36m302[0m 42.617 ms - 122[0m
[0mGET /active-chats/show [32m200[0m 26.081 ms - 3049[0m
[0mGET /users/profile/60bedecbc56fa360ecf71886 [32m200[0m 50.435 ms - 7843[0m
[0mGET / [32m200[0m 32.629 ms - 6745[0m
[0mPOST /home-msg [36m302[0m 38.950 ms - 44[0m
[0mGET / [32m200[0m 24.161 ms - 7027[0m
[0mGET / [32m200[0m 68.443 ms - 6806[0m
[0mPOST /home-msg [36m302[0m 39.012 ms - 44[0m
[0mGET / [32m200[0m 17.543 ms - 6710[0m
[0mGET / [32m200[0m 44.535 ms - 6489[0m
[0mPOST /home-msg [32m200[0m 74.732 ms - 53[0m
[0mGET / [32m200[0m 40.765 ms - 6843[0m
[0mGET /active-chats/show [31m500[0m 23.218 ms - 2292[0m
[0mGET / [36m304[0m 54.460 ms - -[0m
[0mGET /active-chats/show [31m500[0m 22.085 ms - 2292[0m
[0mGET /active-chats/show [31m500[0m 15.961 ms - 2292[0m
[0mGET / [32m200[0m 22.994 ms - 4050[0m
[0mGET /users/sign_in [36m304[0m 8.727 ms - -[0m
[0mGET /users/sign_up [36m304[0m 14.592 ms - -[0m
[0mPOST /users/create [32m200[0m 70.732 ms - 2435[0m
[0mGET /users/verify_email/8a7f89b2c507c9284e732c69e9363dcee63d9c53 [32m200[0m 32.114 ms - 2896[0m
[0mPOST /users/verify_email/8a7f89b2c507c9284e732c69e9363dcee63d9c53 [36m302[0m 21.939 ms - 72[0m
[0mGET /users/sign_in [32m200[0m 26.801 ms - 3601[0m
[0mGET / [32m200[0m 15.159 ms - 4498[0m
[0mGET /users/sign_in [32m200[0m 6.879 ms - 3333[0m
[0mPOST /users/create-session [36m302[0m 15.072 ms - 46[0m
[0mGET / [32m200[0m 15.155 ms - 6517[0m
[0mGET / [32m200[0m 19.645 ms - 4498[0m
[0mGET /users/sign_up [36m304[0m 9.468 ms - -[0m
[0mGET /users/auth/google [36m302[0m 10.730 ms - 0[0m
[0mGET /users/auth/google/callback?code=4/0AY0e-g4xhxjAtRqUcJAgfgvflgeohEdYHRnE3AktjR7YKSpHtK10n-cb8jFJNooQtuFIAw&scope=email%20profile%20https://www.googleapis.com/auth/userinfo.profile%20https://www.googleapis.com/auth/userinfo.email%20openid&authuser=1&hd=nith.ac.in&prompt=none [36m302[0m 1455.075 ms - 46[0m
[0mGET / [32m200[0m 15.417 ms - 6947[0m
[0mGET / [32m200[0m 19.234 ms - 6735[0m
[0mGET /users/profile/60bf397366571164ae3bc4eb [32m200[0m 30.423 ms - 3819[0m
[0mPOST /users/update/60bf397366571164ae3bc4eb [36m302[0m 34.576 ms - 164[0m
[0mGET /users/profile/60bf397366571164ae3bc4eb [32m200[0m 33.786 ms - 3847[0m
[0mGET / [32m200[0m 23.149 ms - 6763[0m
[0mGET / [32m200[0m 19.000 ms - 6745[0m
[0mGET /users/profile/60bf397366571164ae3bc4eb [32m200[0m 29.511 ms - 5790[0m
[0mPOST /manage-connection/60bf397366571164ae3bc4eb [36m302[0m 26.529 ms - 164[0m
[0mGET /users/profile/60bf397366571164ae3bc4eb [32m200[0m 31.196 ms - 6238[0m
[0mGET /users/profile/60bf397366571164ae3bc4eb [32m200[0m 30.374 ms - 3997[0m
[0mGET /users/profile/60bf390766571164ae3bc4e9 [32m200[0m 29.351 ms - 3987[0m
[0mGET /active-chats/show [32m200[0m 26.675 ms - 3049[0m
[0mGET / [36m304[0m 19.287 ms - -[0m
[0mPOST /home-msg [36m302[0m 33.874 ms - 44[0m
[0mGET / [32m200[0m 26.552 ms - 6649[0m
[0mPOST /home-msg [32m200[0m 34.507 ms - 53[0m
[0mGET / [32m200[0m 39.738 ms - 7390[0m
[0mGET / [32m200[0m 28.515 ms - 6785[0m
[0mPOST /home-msg [32m200[0m 25.583 ms - 53[0m
[0mGET /active-chats/show [36m304[0m 20.392 ms - -[0m
[0mGET / [32m200[0m 24.258 ms - 7766[0m
[0mGET /users/profile/60bf390766571164ae3bc4e9 [32m200[0m 37.880 ms - 5897[0m
[0mPOST /home-msg [36m302[0m 35.012 ms - 82[0m
[0mGET /users/profile/60bf390766571164ae3bc4e9 [32m200[0m 34.316 ms - 5861[0m
[0mGET /users/profile/60bf397366571164ae3bc4eb [32m200[0m 40.895 ms - 5737[0m
[0mPOST /home-msg [32m200[0m 24.667 ms - 53[0m
[0mPOST /home-msg [32m200[0m 45.289 ms - 53[0m
[0mGET /users/profile/60bf390766571164ae3bc4e9 [32m200[0m 51.379 ms - 6485[0m
[0mGET /active-chats/show [32m200[0m 23.401 ms - 3232[0m
[0mGET /active-chats/end/60bf390766571164ae3bc4e9 [36m302[0m 45.530 ms - 122[0m
[0mGET /active-chats/show [32m200[0m 7.827 ms - 3049[0m
[0mGET / [36m304[0m 23.878 ms - -[0m
[0mGET /active-chats/show [32m200[0m 11.432 ms - 3058[0m
[0mPOST /home-msg [32m200[0m 23.368 ms - 53[0m
[0mGET /active-chats/show [36m304[0m 12.359 ms - -[0m
[0mGET / [32m200[0m 40.158 ms - 8705[0m
[0mGET / [32m200[0m 25.208 ms - 8121[0m
[0mGET /users/profile/60bf397366571164ae3bc4eb [36m304[0m 48.374 ms - -[0m
[0mGET / [36m304[0m 38.410 ms - -[0m
[0mGET /users/profile/60bf397366571164ae3bc4eb [32m200[0m 37.144 ms - 6521[0m
[0mPOST /home-msg [32m200[0m 54.136 ms - 53[0m
[0mGET / [32m200[0m 26.711 ms - 8182[0m
[0mGET /active-chats/show [32m200[0m 15.317 ms - 3232[0m
[0mGET /users/profile/60bf390766571164ae3bc4e9 [32m200[0m 51.017 ms - 6867[0m
[0mGET /users/profile/60bf397366571164ae3bc4eb [32m200[0m 51.647 ms - 7075[0m
[0mPOST /home-msg [32m200[0m 31.634 ms - 53[0m
[0mPOST /home-msg [32m200[0m 38.656 ms - 53[0m
[0mPOST /home-msg [32m200[0m 34.581 ms - 53[0m
[0mPOST /home-msg [32m200[0m 52.941 ms - 53[0m
[0mPOST /home-msg [32m200[0m 31.885 ms - 53[0m
[0mPOST /home-msg [32m200[0m 39.127 ms - 53[0m
[0mGET /users/profile/60bf397366571164ae3bc4eb [32m200[0m 62.573 ms - 9530[0m
[0mGET /users/profile/60bf390766571164ae3bc4e9 [32m200[0m 53.859 ms - 9544[0m
[0mGET /active-chats/show [36m304[0m 27.592 ms - -[0m
[0mGET / [36m304[0m 31.043 ms - -[0m
[0mGET /active-chats/show [36m304[0m 19.281 ms - -[0m
[0mGET / [36m304[0m 30.059 ms - -[0m
[0mGET /users/sign_out [36m302[0m 12.818 ms - 46[0m
[0mGET / [32m200[0m 22.414 ms - 5205[0m
[0mGET / [32m200[0m 34.323 ms - 8766[0m
[0mGET /users/profile/60bf397366571164ae3bc4eb [36m304[0m 42.235 ms - -[0m
[0mPOST /home-msg [32m200[0m 30.121 ms - 53[0m
[0mGET /users/profile/60bf397366571164ae3bc4eb [32m200[0m 50.401 ms - 10026[0m
[0mGET /users/sign_in [32m200[0m 8.728 ms - 3333[0m
[0mGET /users/auth/google [36m302[0m 8.912 ms - 0[0m
[0mGET /users/auth/google/callback?code=4/0AY0e-g7kPpvU88QebPJefMxRo4PRr-u7oFclXDCKDB7GUi26FB9ShhKRPJRBZ7hI2T4Bpg&scope=email%20profile%20https://www.googleapis.com/auth/userinfo.email%20openid%20https://www.googleapis.com/auth/userinfo.profile&authuser=1&hd=nith.ac.in&prompt=none [36m302[0m 989.939 ms - 46[0m
[0mGET / [32m200[0m 30.977 ms - 8412[0m
[0mGET /active-chats/show [36m304[0m 16.313 ms - -[0m
[0mGET /users/profile/60bf390766571164ae3bc4e9 [32m200[0m 50.714 ms - 9929[0m
[0mPOST /manage-connection/60bf390766571164ae3bc4e9 [36m302[0m 18.505 ms - 164[0m
[0mGET /users/profile/60bf390766571164ae3bc4e9 [32m200[0m 46.892 ms - 10377[0m
[0mGET /users/profile/60bf397366571164ae3bc4eb [32m200[0m 52.334 ms - 10198[0m
[0mGET / [36m304[0m 34.400 ms - -[0m
[0mGET / [32m200[0m 27.629 ms - 8182[0m
[0mGET /users/sign_out [36m302[0m 9.568 ms - 46[0m
[0mGET / [32m200[0m 22.837 ms - 5205[0m
[0mGET /users/sign_out [36m302[0m 12.345 ms - 46[0m
[0mGET / [32m200[0m 31.876 ms - 5205[0m
